1549916949752	geckodriver	INFO	geckodriver 0.18.0
1549916949756	geckodriver	INFO	Listening on 127.0.0.1:39813
1549916950864	geckodriver::marionette	INFO	Starting browser /usr/bin/firefox with args ["-marionette"]
Error: no DISPLAY environment variable specified
1549917894556	geckodriver	INFO	geckodriver 0.18.0
1549917894559	geckodriver	INFO	Listening on 127.0.0.1:57195
1549917895669	geckodriver::marionette	INFO	Starting browser /usr/bin/firefox with args ["-marionette"]
1549917896309	addons.webextension.screenshots@mozilla.org	WARN	Loading extension 'screenshots@mozilla.org': Reading manifest: Invalid host permission: resource://pdf.js/
1549917896309	addons.webextension.screenshots@mozilla.org	WARN	Loading extension 'screenshots@mozilla.org': Reading manifest: Invalid host permission: about:reader*
1549917896452	Marionette	TRACE	Received observer notification profile-after-change
1549917896764	Marionette	TRACE	Received observer notification command-line-startup
1549917896764	Marionette	TRACE	Received observer notification nsPref:changed
1549917896765	Marionette	DEBUG	Init aborted (running=false, enabled=true, finalUIStartup=false)
1549917897030	Marionette	TRACE	Received observer notification toplevel-window-ready

(firefox:12342): LIBDBUSMENU-GLIB-WARNING **: Unable to get session bus: Failed to execute child process "dbus-launch" (No such file or directory)
1549917898396	Marionette	TRACE	Received observer notification sessionstore-windows-restored
1549917898396	Marionette	TRACE	Waiting until startup recorder finished recording startup scripts...
1549917898925	Marionette	TRACE	All scripts recorded.
1549917898926	Marionette	DEBUG	Setting recommended pref app.normandy.api_url to 
1549917898929	Marionette	DEBUG	Setting recommended pref app.update.disabledForTesting to true
1549917898930	Marionette	DEBUG	Setting recommended pref browser.contentblocking.introCount to 99
1549917898930	Marionette	DEBUG	Setting recommended pref browser.safebrowsing.passwords.enabled to false
1549917898931	Marionette	DEBUG	Setting recommended pref browser.urlbar.suggest.searches to false
1549917898937	Marionette	DEBUG	Setting recommended pref datareporting.policy.dataSubmissionPolicyAccepted to false
1549917898937	Marionette	DEBUG	Setting recommended pref dom.disable_beforeunload to true
1549917898938	Marionette	DEBUG	Setting recommended pref dom.file.createInChild to true
1549917898938	Marionette	DEBUG	Setting recommended pref toolkit.cosmeticAnimations.enabled to false
1549917899065	Marionette	INFO	Listening on port 41465
1549917899066	Marionette	DEBUG	Remote service is active
1549917899083	Marionette	DEBUG	Accepted connection 0 from 127.0.0.1:58688
1549917899098	Marionette	DEBUG	0 -> [0,1,"newSession",{"acceptInsecureCerts":true,"browserName":"firefox","capabilities":{"desiredCapabilities":{"acceptInsecureCerts":true,"browserName":"firefox"}}}]
1549917899098	Marionette	DEBUG	0 <- [1,1,{"error":"unknown command","message":"newSession","stacktrace":"WebDriverError@chrome://marionette/content/error.js:179: ... et@chrome://marionette/content/server.js:236:8\n_onJSONObjectReady/<@chrome://marionette/content/transport.js:490:9\n"},null]
1549917899371	Marionette	DEBUG	Closed connection 0
console.error: BroadcastService: 
  receivedBroadcastMessage: handler for
  remote-settings/monitor_changes
  threw error:
  Message: Error: Polling for changes failed: NetworkError when attempting to fetch resource..
  Stack:
    remoteSettingsFunction/remoteSettings.pollChanges@resource://services-settings/remote-settings.js:188:13

